{"meta": {"format": 3, "version": "7.10.1", "timestamp": "2025-07-30T23:48:59.289626", "branch_coverage": false, "show_contexts": false}, "files": {"ai_test_analyzer.py": {"executed_lines": [], "summary": {"covered_lines": 0, "num_statements": 158, "percent_covered": 0.0, "percent_covered_display": "0", "missing_lines": 158, "excluded_lines": 0}, "missing_lines": [6, 7, 8, 9, 10, 11, 12, 13, 14, 15, 16, 19, 20, 22, 23, 24, 25, 26, 27, 28, 31, 37, 38, 39, 40, 41, 43, 45, 48, 51, 54, 57, 60, 62, 64, 66, 67, 77, 84, 89, 90, 91, 93, 96, 97, 99, 100, 101, 103, 105, 106, 107, 108, 109, 111, 120, 122, 132, 133, 136, 137, 139, 140, 141, 143, 144, 146, 147, 150, 151, 153, 154, 155, 156, 157, 159, 160, 163, 164, 165, 166, 168, 169, 171, 173, 175, 184, 185, 186, 189, 190, 191, 193, 194, 195, 198, 199, 200, 201, 202, 204, 206, 208, 211, 212, 213, 216, 217, 218, 219, 222, 229, 235, 245, 247, 300, 301, 302, 304, 307, 310, 311, 312, 313, 315, 317, 318, 319, 325, 326, 327, 329, 330, 331, 332, 333, 335, 337, 353, 356, 359, 362, 363, 366, 367, 370, 371, 372, 375, 376, 377, 379, 382, 383, 384, 385, 388, 389], "excluded_lines": [], "functions": {"AITestAnalyzer.__init__": {"executed_lines": [], "summary": {"covered_lines": 0, "num_statements": 4, "percent_covered": 0.0, "percent_covered_display": "0", "missing_lines": 4, "excluded_lines": 0}, "missing_lines": [38, 39, 40, 41], "excluded_lines": []}, "AITestAnalyzer.run_coverage_analysis": {"executed_lines": [], "summary": {"covered_lines": 0, "num_statements": 7, "percent_covered": 0.0, "percent_covered_display": "0", "missing_lines": 7, "excluded_lines": 0}, "missing_lines": [45, 48, 51, 54, 57, 60, 62], "excluded_lines": []}, "AITestAnalyzer._run_pytest_coverage": {"executed_lines": [], "summary": {"covered_lines": 0, "num_statements": 7, "percent_covered": 0.0, "percent_covered_display": "0", "missing_lines": 7, "excluded_lines": 0}, "missing_lines": [66, 67, 77, 84, 89, 90, 91], "excluded_lines": []}, "AITestAnalyzer._parse_coverage_data": {"executed_lines": [], "summary": {"covered_lines": 0, "num_statements": 12, "percent_covered": 0.0, "percent_covered_display": "0", "missing_lines": 12, "excluded_lines": 0}, "missing_lines": [96, 97, 99, 100, 101, 103, 105, 106, 107, 108, 109, 111], "excluded_lines": []}, "AITestAnalyzer._analyze_test_quality": {"executed_lines": [], "summary": {"covered_lines": 0, "num_statements": 28, "percent_covered": 0.0, "percent_covered_display": "0", "missing_lines": 28, "excluded_lines": 0}, "missing_lines": [122, 132, 133, 136, 137, 139, 140, 141, 143, 144, 146, 147, 150, 151, 153, 154, 155, 156, 157, 159, 160, 163, 164, 165, 166, 168, 169, 171], "excluded_lines": []}, "AITestAnalyzer._generate_ai_insights": {"executed_lines": [], "summary": {"covered_lines": 0, "num_statements": 16, "percent_covered": 0.0, "percent_covered_display": "0", "missing_lines": 16, "excluded_lines": 0}, "missing_lines": [175, 184, 185, 186, 189, 190, 191, 193, 194, 195, 198, 199, 200, 201, 202, 204], "excluded_lines": []}, "AITestAnalyzer._create_comprehensive_report": {"executed_lines": [], "summary": {"covered_lines": 0, "num_statements": 11, "percent_covered": 0.0, "percent_covered_display": "0", "missing_lines": 11, "excluded_lines": 0}, "missing_lines": [208, 211, 212, 213, 216, 217, 218, 219, 222, 229, 235], "excluded_lines": []}, "AITestAnalyzer.generate_html_report": {"executed_lines": [], "summary": {"covered_lines": 0, "num_statements": 5, "percent_covered": 0.0, "percent_covered_display": "0", "missing_lines": 5, "excluded_lines": 0}, "missing_lines": [247, 300, 301, 302, 304], "excluded_lines": []}, "TelegramNotifier.__init__": {"executed_lines": [], "summary": {"covered_lines": 0, "num_statements": 3, "percent_covered": 0.0, "percent_covered_display": "0", "missing_lines": 3, "excluded_lines": 0}, "missing_lines": [311, 312, 313], "excluded_lines": []}, "TelegramNotifier.send_message": {"executed_lines": [], "summary": {"covered_lines": 0, "num_statements": 11, "percent_covered": 0.0, "percent_covered_display": "0", "missing_lines": 11, "excluded_lines": 0}, "missing_lines": [317, 318, 319, 325, 326, 327, 329, 330, 331, 332, 333], "excluded_lines": []}, "TelegramNotifier.send_test_report": {"executed_lines": [], "summary": {"covered_lines": 0, "num_statements": 2, "percent_covered": 0.0, "percent_covered_display": "0", "missing_lines": 2, "excluded_lines": 0}, "missing_lines": [337, 353], "excluded_lines": []}, "main": {"executed_lines": [], "summary": {"covered_lines": 0, "num_statements": 16, "percent_covered": 0.0, "percent_covered_display": "0", "missing_lines": 16, "excluded_lines": 0}, "missing_lines": [359, 362, 363, 366, 367, 370, 371, 372, 375, 376, 377, 379, 382, 383, 384, 385], "excluded_lines": []}, "": {"executed_lines": [], "summary": {"covered_lines": 0, "num_statements": 36, "percent_covered": 0.0, "percent_covered_display": "0", "missing_lines": 36, "excluded_lines": 0}, "missing_lines": [6, 7, 8, 9, 10, 11, 12, 13, 14, 15, 16, 19, 20, 22, 23, 24, 25, 26, 27, 28, 31, 37, 43, 64, 93, 120, 173, 206, 245, 307, 310, 315, 335, 356, 388, 389], "excluded_lines": []}}, "classes": {"CoverageMetrics": {"executed_lines": [], "summary": {"covered_lines": 0, "num_statements": 0, "percent_covered": 100.0, "percent_covered_display": "100", "missing_lines": 0, "excluded_lines": 0}, "missing_lines": [], "excluded_lines": []}, "AITestAnalyzer": {"executed_lines": [], "summary": {"covered_lines": 0, "num_statements": 90, "percent_covered": 0.0, "percent_covered_display": "0", "missing_lines": 90, "excluded_lines": 0}, "missing_lines": [38, 39, 40, 41, 45, 48, 51, 54, 57, 60, 62, 66, 67, 77, 84, 89, 90, 91, 96, 97, 99, 100, 101, 103, 105, 106, 107, 108, 109, 111, 122, 132, 133, 136, 137, 139, 140, 141, 143, 144, 146, 147, 150, 151, 153, 154, 155, 156, 157, 159, 160, 163, 164, 165, 166, 168, 169, 171, 175, 184, 185, 186, 189, 190, 191, 193, 194, 195, 198, 199, 200, 201, 202, 204, 208, 211, 212, 213, 216, 217, 218, 219, 222, 229, 235, 247, 300, 301, 302, 304], "excluded_lines": []}, "TelegramNotifier": {"executed_lines": [], "summary": {"covered_lines": 0, "num_statements": 16, "percent_covered": 0.0, "percent_covered_display": "0", "missing_lines": 16, "excluded_lines": 0}, "missing_lines": [311, 312, 313, 317, 318, 319, 325, 326, 327, 329, 330, 331, 332, 333, 337, 353], "excluded_lines": []}, "": {"executed_lines": [], "summary": {"covered_lines": 0, "num_statements": 52, "percent_covered": 0.0, "percent_covered_display": "0", "missing_lines": 52, "excluded_lines": 0}, "missing_lines": [6, 7, 8, 9, 10, 11, 12, 13, 14, 15, 16, 19, 20, 22, 23, 24, 25, 26, 27, 28, 31, 37, 43, 64, 93, 120, 173, 206, 245, 307, 310, 315, 335, 356, 359, 362, 363, 366, 367, 370, 371, 372, 375, 376, 377, 379, 382, 383, 384, 385, 388, 389], "excluded_lines": []}}}, "ai_test_cli.py": {"executed_lines": [], "summary": {"covered_lines": 0, "num_statements": 84, "percent_covered": 0.0, "percent_covered_display": "0", "missing_lines": 84, "excluded_lines": 0}, "missing_lines": [6, 7, 8, 9, 10, 12, 13, 16, 19, 20, 21, 22, 23, 28, 30, 31, 32, 34, 49, 51, 52, 53, 55, 56, 57, 59, 60, 64, 65, 66, 68, 70, 72, 73, 74, 76, 78, 79, 80, 82, 84, 85, 87, 88, 90, 92, 93, 94, 95, 97, 98, 99, 100, 101, 102, 103, 105, 107, 109, 111, 129, 132, 134, 136, 137, 138, 140, 142, 143, 144, 145, 146, 147, 148, 149, 150, 151, 152, 153, 154, 156, 157, 160, 161], "excluded_lines": [], "functions": {"AITestCLI.__init__": {"executed_lines": [], "summary": {"covered_lines": 0, "num_statements": 4, "percent_covered": 0.0, "percent_covered_display": "0", "missing_lines": 4, "excluded_lines": 0}, "missing_lines": [20, 21, 22, 23], "excluded_lines": []}, "AITestCLI._load_config": {"executed_lines": [], "summary": {"covered_lines": 0, "num_statements": 4, "percent_covered": 0.0, "percent_covered_display": "0", "missing_lines": 4, "excluded_lines": 0}, "missing_lines": [30, 31, 32, 34], "excluded_lines": []}, "AITestCLI.run_analysis": {"executed_lines": [], "summary": {"covered_lines": 0, "num_statements": 12, "percent_covered": 0.0, "percent_covered_display": "0", "missing_lines": 12, "excluded_lines": 0}, "missing_lines": [51, 52, 53, 55, 56, 57, 59, 60, 64, 65, 66, 68], "excluded_lines": []}, "AITestCLI.run_full_test": {"executed_lines": [], "summary": {"covered_lines": 0, "num_statements": 3, "percent_covered": 0.0, "percent_covered_display": "0", "missing_lines": 3, "excluded_lines": 0}, "missing_lines": [72, 73, 74], "excluded_lines": []}, "AITestCLI.run_quick_test": {"executed_lines": [], "summary": {"covered_lines": 0, "num_statements": 3, "percent_covered": 0.0, "percent_covered_display": "0", "missing_lines": 3, "excluded_lines": 0}, "missing_lines": [78, 79, 80], "excluded_lines": []}, "AITestCLI.start_continuous": {"executed_lines": [], "summary": {"covered_lines": 0, "num_statements": 4, "percent_covered": 0.0, "percent_covered_display": "0", "missing_lines": 4, "excluded_lines": 0}, "missing_lines": [84, 85, 87, 88], "excluded_lines": []}, "AITestCLI.show_status": {"executed_lines": [], "summary": {"covered_lines": 0, "num_statements": 13, "percent_covered": 0.0, "percent_covered_display": "0", "missing_lines": 13, "excluded_lines": 0}, "missing_lines": [92, 93, 94, 95, 97, 98, 99, 100, 101, 102, 103, 105, 107], "excluded_lines": []}, "AITestCLI.show_help": {"executed_lines": [], "summary": {"covered_lines": 0, "num_statements": 2, "percent_covered": 0.0, "percent_covered_display": "0", "missing_lines": 2, "excluded_lines": 0}, "missing_lines": [111, 129], "excluded_lines": []}, "main": {"executed_lines": [], "summary": {"covered_lines": 0, "num_statements": 20, "percent_covered": 0.0, "percent_covered_display": "0", "missing_lines": 20, "excluded_lines": 0}, "missing_lines": [134, 136, 137, 138, 140, 142, 143, 144, 145, 146, 147, 148, 149, 150, 151, 152, 153, 154, 156, 157], "excluded_lines": []}, "": {"executed_lines": [], "summary": {"covered_lines": 0, "num_statements": 19, "percent_covered": 0.0, "percent_covered_display": "0", "missing_lines": 19, "excluded_lines": 0}, "missing_lines": [6, 7, 8, 9, 10, 12, 13, 16, 19, 28, 49, 70, 76, 82, 90, 109, 132, 160, 161], "excluded_lines": []}}, "classes": {"AITestCLI": {"executed_lines": [], "summary": {"covered_lines": 0, "num_statements": 45, "percent_covered": 0.0, "percent_covered_display": "0", "missing_lines": 45, "excluded_lines": 0}, "missing_lines": [20, 21, 22, 23, 30, 31, 32, 34, 51, 52, 53, 55, 56, 57, 59, 60, 64, 65, 66, 68, 72, 73, 74, 78, 79, 80, 84, 85, 87, 88, 92, 93, 94, 95, 97, 98, 99, 100, 101, 102, 103, 105, 107, 111, 129], "excluded_lines": []}, "": {"executed_lines": [], "summary": {"covered_lines": 0, "num_statements": 39, "percent_covered": 0.0, "percent_covered_display": "0", "missing_lines": 39, "excluded_lines": 0}, "missing_lines": [6, 7, 8, 9, 10, 12, 13, 16, 19, 28, 49, 70, 76, 82, 90, 109, 132, 134, 136, 137, 138, 140, 142, 143, 144, 145, 146, 147, 148, 149, 150, 151, 152, 153, 154, 156, 157, 160, 161], "excluded_lines": []}}}, "automated_test_runner.py": {"executed_lines": [], "summary": {"covered_lines": 0, "num_statements": 102, "percent_covered": 0.0, "percent_covered_display": "0", "missing_lines": 102, "excluded_lines": 0}, "missing_lines": [6, 7, 8, 9, 10, 11, 12, 13, 14, 16, 19, 25, 29, 30, 31, 32, 33, 34, 35, 37, 39, 42, 45, 48, 51, 54, 56, 62, 64, 66, 67, 70, 71, 74, 75, 77, 94, 95, 102, 105, 111, 112, 115, 129, 132, 133, 135, 137, 148, 151, 152, 155, 156, 157, 159, 161, 163, 166, 169, 172, 173, 174, 175, 177, 178, 180, 181, 183, 184, 185, 186, 187, 189, 191, 193, 195, 196, 198, 200, 203, 204, 206, 207, 210, 219, 221, 228, 230, 232, 233, 234, 236, 237, 238, 239, 240, 241, 242, 244, 247, 250, 251], "excluded_lines": [], "functions": {"AutomatedTestRunner.__init__": {"executed_lines": [], "summary": {"covered_lines": 0, "num_statements": 7, "percent_covered": 0.0, "percent_covered_display": "0", "missing_lines": 7, "excluded_lines": 0}, "missing_lines": [29, 30, 31, 32, 33, 34, 35], "excluded_lines": []}, "AutomatedTestRunner.run_full_test_suite": {"executed_lines": [], "summary": {"covered_lines": 0, "num_statements": 7, "percent_covered": 0.0, "percent_covered_display": "0", "missing_lines": 7, "excluded_lines": 0}, "missing_lines": [39, 42, 45, 48, 51, 54, 56], "excluded_lines": []}, "AutomatedTestRunner._run_tests": {"executed_lines": [], "summary": {"covered_lines": 0, "num_statements": 10, "percent_covered": 0.0, "percent_covered_display": "0", "missing_lines": 10, "excluded_lines": 0}, "missing_lines": [64, 66, 67, 70, 71, 74, 75, 77, 94, 95], "excluded_lines": []}, "AutomatedTestRunner._send_notifications": {"executed_lines": [], "summary": {"covered_lines": 0, "num_statements": 7, "percent_covered": 0.0, "percent_covered_display": "0", "missing_lines": 7, "excluded_lines": 0}, "missing_lines": [105, 111, 112, 115, 129, 132, 133], "excluded_lines": []}, "AutomatedTestRunner._store_test_results": {"executed_lines": [], "summary": {"covered_lines": 0, "num_statements": 7, "percent_covered": 0.0, "percent_covered_display": "0", "missing_lines": 7, "excluded_lines": 0}, "missing_lines": [137, 148, 151, 152, 155, 156, 157], "excluded_lines": []}, "AutomatedTestRunner.start_continuous_testing": {"executed_lines": [], "summary": {"covered_lines": 0, "num_statements": 14, "percent_covered": 0.0, "percent_covered_display": "0", "missing_lines": 14, "excluded_lines": 0}, "missing_lines": [161, 163, 166, 169, 172, 177, 178, 180, 181, 183, 184, 185, 186, 187], "excluded_lines": []}, "AutomatedTestRunner.start_continuous_testing.run_scheduler": {"executed_lines": [], "summary": {"covered_lines": 0, "num_statements": 3, "percent_covered": 0.0, "percent_covered_display": "0", "missing_lines": 3, "excluded_lines": 0}, "missing_lines": [173, 174, 175], "excluded_lines": []}, "AutomatedTestRunner._run_scheduled_tests": {"executed_lines": [], "summary": {"covered_lines": 0, "num_statements": 1, "percent_covered": 0.0, "percent_covered_display": "0", "missing_lines": 1, "excluded_lines": 0}, "missing_lines": [191], "excluded_lines": []}, "AutomatedTestRunner.stop_continuous_testing": {"executed_lines": [], "summary": {"covered_lines": 0, "num_statements": 2, "percent_covered": 0.0, "percent_covered_display": "0", "missing_lines": 2, "excluded_lines": 0}, "missing_lines": [195, 196], "excluded_lines": []}, "AutomatedTestRunner.run_quick_test": {"executed_lines": [], "summary": {"covered_lines": 0, "num_statements": 8, "percent_covered": 0.0, "percent_covered_display": "0", "missing_lines": 8, "excluded_lines": 0}, "missing_lines": [200, 203, 204, 206, 207, 210, 219, 221], "excluded_lines": []}, "main": {"executed_lines": [], "summary": {"covered_lines": 0, "num_statements": 13, "percent_covered": 0.0, "percent_covered_display": "0", "missing_lines": 13, "excluded_lines": 0}, "missing_lines": [230, 232, 233, 234, 236, 237, 238, 239, 240, 241, 242, 244, 247], "excluded_lines": []}, "": {"executed_lines": [], "summary": {"covered_lines": 0, "num_statements": 23, "percent_covered": 0.0, "percent_covered_display": "0", "missing_lines": 23, "excluded_lines": 0}, "missing_lines": [6, 7, 8, 9, 10, 11, 12, 13, 14, 16, 19, 25, 37, 62, 102, 135, 159, 189, 193, 198, 228, 250, 251], "excluded_lines": []}}, "classes": {"AutomatedTestRunner": {"executed_lines": [], "summary": {"covered_lines": 0, "num_statements": 66, "percent_covered": 0.0, "percent_covered_display": "0", "missing_lines": 66, "excluded_lines": 0}, "missing_lines": [29, 30, 31, 32, 33, 34, 35, 39, 42, 45, 48, 51, 54, 56, 64, 66, 67, 70, 71, 74, 75, 77, 94, 95, 105, 111, 112, 115, 129, 132, 133, 137, 148, 151, 152, 155, 156, 157, 161, 163, 166, 169, 172, 173, 174, 175, 177, 178, 180, 181, 183, 184, 185, 186, 187, 191, 195, 196, 200, 203, 204, 206, 207, 210, 219, 221], "excluded_lines": []}, "": {"executed_lines": [], "summary": {"covered_lines": 0, "num_statements": 36, "percent_covered": 0.0, "percent_covered_display": "0", "missing_lines": 36, "excluded_lines": 0}, "missing_lines": [6, 7, 8, 9, 10, 11, 12, 13, 14, 16, 19, 25, 37, 62, 102, 135, 159, 189, 193, 198, 228, 230, 232, 233, 234, 236, 237, 238, 239, 240, 241, 242, 244, 247, 250, 251], "excluded_lines": []}}}, "demo.py": {"executed_lines": [], "summary": {"covered_lines": 0, "num_statements": 66, "percent_covered": 0.0, "percent_covered_display": "0", "missing_lines": 66, "excluded_lines": 0}, "missing_lines": [4, 5, 6, 8, 9, 11, 13, 14, 17, 18, 21, 22, 23, 24, 26, 27, 28, 29, 30, 33, 35, 37, 38, 39, 40, 42, 43, 46, 47, 48, 49, 52, 55, 56, 57, 59, 60, 61, 63, 64, 65, 68, 69, 70, 71, 72, 73, 74, 75, 78, 79, 81, 82, 83, 84, 85, 88, 89, 90, 93, 95, 96, 97, 100, 103, 104], "excluded_lines": [], "functions": {"run_demo": {"executed_lines": [], "summary": {"covered_lines": 0, "num_statements": 53, "percent_covered": 0.0, "percent_covered_display": "0", "missing_lines": 53, "excluded_lines": 0}, "missing_lines": [13, 14, 17, 18, 21, 22, 23, 24, 26, 27, 28, 29, 30, 33, 35, 37, 38, 39, 40, 42, 43, 46, 47, 48, 49, 52, 55, 56, 57, 59, 60, 61, 63, 64, 65, 68, 69, 70, 71, 72, 73, 74, 75, 78, 79, 81, 82, 83, 84, 85, 88, 89, 90], "excluded_lines": []}, "main": {"executed_lines": [], "summary": {"covered_lines": 0, "num_statements": 4, "percent_covered": 0.0, "percent_covered_display": "0", "missing_lines": 4, "excluded_lines": 0}, "missing_lines": [95, 96, 97, 100], "excluded_lines": []}, "": {"executed_lines": [], "summary": {"covered_lines": 0, "num_statements": 9, "percent_covered": 0.0, "percent_covered_display": "0", "missing_lines": 9, "excluded_lines": 0}, "missing_lines": [4, 5, 6, 8, 9, 11, 93, 103, 104], "excluded_lines": []}}, "classes": {"": {"executed_lines": [], "summary": {"covered_lines": 0, "num_statements": 66, "percent_covered": 0.0, "percent_covered_display": "0", "missing_lines": 66, "excluded_lines": 0}, "missing_lines": [4, 5, 6, 8, 9, 11, 13, 14, 17, 18, 21, 22, 23, 24, 26, 27, 28, 29, 30, 33, 35, 37, 38, 39, 40, 42, 43, 46, 47, 48, 49, 52, 55, 56, 57, 59, 60, 61, 63, 64, 65, 68, 69, 70, 71, 72, 73, 74, 75, 78, 79, 81, 82, 83, 84, 85, 88, 89, 90, 93, 95, 96, 97, 100, 103, 104], "excluded_lines": []}}}, "main.py": {"executed_lines": [], "summary": {"covered_lines": 0, "num_statements": 113, "percent_covered": 0.0, "percent_covered_display": "0", "missing_lines": 113, "excluded_lines": 0}, "missing_lines": [6, 7, 8, 9, 10, 11, 13, 14, 15, 16, 17, 19, 21, 35, 42, 43, 44, 47, 49, 52, 60, 67, 75, 80, 82, 85, 86, 87, 90, 91, 93, 94, 96, 98, 99, 101, 103, 105, 108, 109, 112, 115, 116, 119, 121, 122, 124, 126, 128, 129, 130, 132, 135, 141, 142, 145, 152, 154, 161, 162, 164, 167, 169, 179, 182, 183, 184, 186, 188, 189, 191, 193, 194, 200, 201, 202, 204, 207, 210, 211, 212, 213, 214, 217, 218, 221, 222, 223, 224, 226, 227, 228, 229, 232, 235, 237, 238, 239, 242, 244, 245, 246, 248, 249, 250, 251, 254, 255, 258, 261, 263, 266, 267], "excluded_lines": [], "functions": {"TradingSystem.__init__": {"executed_lines": [], "summary": {"covered_lines": 0, "num_statements": 4, "percent_covered": 0.0, "percent_covered_display": "0", "missing_lines": 4, "excluded_lines": 0}, "missing_lines": [42, 43, 44, 47], "excluded_lines": []}, "TradingSystem._initialize_components": {"executed_lines": [], "summary": {"covered_lines": 0, "num_statements": 4, "percent_covered": 0.0, "percent_covered_display": "0", "missing_lines": 4, "excluded_lines": 0}, "missing_lines": [52, 60, 67, 75], "excluded_lines": []}, "TradingSystem.start": {"executed_lines": [], "summary": {"covered_lines": 0, "num_statements": 8, "percent_covered": 0.0, "percent_covered_display": "0", "missing_lines": 8, "excluded_lines": 0}, "missing_lines": [82, 85, 86, 87, 90, 91, 93, 94], "excluded_lines": []}, "TradingSystem.stop": {"executed_lines": [], "summary": {"covered_lines": 0, "num_statements": 2, "percent_covered": 0.0, "percent_covered_display": "0", "missing_lines": 2, "excluded_lines": 0}, "missing_lines": [98, 99], "excluded_lines": []}, "TradingSystem.run_trading_cycle": {"executed_lines": [], "summary": {"covered_lines": 0, "num_statements": 10, "percent_covered": 0.0, "percent_covered_display": "0", "missing_lines": 10, "excluded_lines": 0}, "missing_lines": [103, 105, 108, 109, 112, 115, 116, 119, 121, 122], "excluded_lines": []}, "TradingSystem._process_signals": {"executed_lines": [], "summary": {"covered_lines": 0, "num_statements": 13, "percent_covered": 0.0, "percent_covered_display": "0", "missing_lines": 13, "excluded_lines": 0}, "missing_lines": [126, 128, 129, 130, 132, 135, 141, 142, 145, 152, 154, 161, 162], "excluded_lines": []}, "TradingSystem._record_trade": {"executed_lines": [], "summary": {"covered_lines": 0, "num_statements": 6, "percent_covered": 0.0, "percent_covered_display": "0", "missing_lines": 6, "excluded_lines": 0}, "missing_lines": [167, 169, 179, 182, 183, 184], "excluded_lines": []}, "TradingSystem.get_performance_metrics": {"executed_lines": [], "summary": {"covered_lines": 0, "num_statements": 2, "percent_covered": 0.0, "percent_covered_display": "0", "missing_lines": 2, "excluded_lines": 0}, "missing_lines": [188, 189], "excluded_lines": []}, "TradingSystem.save_results": {"executed_lines": [], "summary": {"covered_lines": 0, "num_statements": 6, "percent_covered": 0.0, "percent_covered_display": "0", "missing_lines": 6, "excluded_lines": 0}, "missing_lines": [193, 194, 200, 201, 202, 204], "excluded_lines": []}, "main": {"executed_lines": [], "summary": {"covered_lines": 0, "num_statements": 33, "percent_covered": 0.0, "percent_covered_display": "0", "missing_lines": 33, "excluded_lines": 0}, "missing_lines": [210, 211, 212, 213, 214, 217, 218, 221, 222, 223, 224, 226, 227, 228, 229, 232, 235, 237, 238, 239, 242, 244, 245, 246, 248, 249, 250, 251, 254, 255, 258, 261, 263], "excluded_lines": []}, "": {"executed_lines": [], "summary": {"covered_lines": 0, "num_statements": 25, "percent_covered": 0.0, "percent_covered_display": "0", "missing_lines": 25, "excluded_lines": 0}, "missing_lines": [6, 7, 8, 9, 10, 11, 13, 14, 15, 16, 17, 19, 21, 35, 49, 80, 96, 101, 124, 164, 186, 191, 207, 266, 267], "excluded_lines": []}}, "classes": {"TradingSystem": {"executed_lines": [], "summary": {"covered_lines": 0, "num_statements": 55, "percent_covered": 0.0, "percent_covered_display": "0", "missing_lines": 55, "excluded_lines": 0}, "missing_lines": [42, 43, 44, 47, 52, 60, 67, 75, 82, 85, 86, 87, 90, 91, 93, 94, 98, 99, 103, 105, 108, 109, 112, 115, 116, 119, 121, 122, 126, 128, 129, 130, 132, 135, 141, 142, 145, 152, 154, 161, 162, 167, 169, 179, 182, 183, 184, 188, 189, 193, 194, 200, 201, 202, 204], "excluded_lines": []}, "": {"executed_lines": [], "summary": {"covered_lines": 0, "num_statements": 58, "percent_covered": 0.0, "percent_covered_display": "0", "missing_lines": 58, "excluded_lines": 0}, "missing_lines": [6, 7, 8, 9, 10, 11, 13, 14, 15, 16, 17, 19, 21, 35, 49, 80, 96, 101, 124, 164, 186, 191, 207, 210, 211, 212, 213, 214, 217, 218, 221, 222, 223, 224, 226, 227, 228, 229, 232, 235, 237, 238, 239, 242, 244, 245, 246, 248, 249, 250, 251, 254, 255, 258, 261, 263, 266, 267], "excluded_lines": []}}}, "market_data_provider.py": {"executed_lines": [1, 6, 7, 8, 9, 10, 11, 12, 14, 16, 17, 21, 22, 31, 32, 36, 44, 45, 46, 53, 60, 62, 63, 64, 66, 68, 79, 81, 82, 85, 88, 91, 92, 94, 95, 96, 99, 100, 102, 103, 104, 105, 108, 110, 119, 120, 122, 124, 125, 129, 138, 139, 140, 142, 154, 155, 159, 160, 172, 173, 174, 175, 177, 180, 181, 185, 195, 205], "summary": {"covered_lines": 62, "num_statements": 67, "percent_covered": 92.53731343283582, "percent_covered_display": "93", "missing_lines": 5, "excluded_lines": 0}, "missing_lines": [29, 151, 152, 193, 202], "excluded_lines": [], "functions": {"MarketDataProvider.fetch_data": {"executed_lines": [], "summary": {"covered_lines": 0, "num_statements": 1, "percent_covered": 0.0, "percent_covered_display": "0", "missing_lines": 1, "excluded_lines": 0}, "missing_lines": [29], "excluded_lines": []}, "SyntheticMarketDataProvider.__init__": {"executed_lines": [44, 45, 46], "summary": {"covered_lines": 3, "num_statements": 3, "percent_covered": 100.0, "percent_covered_display": "100", "missing_lines": 0, "excluded_lines": 0}, "missing_lines": [], "excluded_lines": []}, "SyntheticMarketDataProvider.fetch_data": {"executed_lines": [60, 62, 63, 64, 66], "summary": {"covered_lines": 5, "num_statements": 5, "percent_covered": 100.0, "percent_covered_display": "100", "missing_lines": 0, "excluded_lines": 0}, "missing_lines": [], "excluded_lines": []}, "SyntheticMarketDataProvider._generate_synthetic_data": {"executed_lines": [79, 81, 82, 85, 88, 91, 92, 94, 95, 96, 99, 100, 102, 103, 104, 105, 108, 110, 119, 120, 122], "summary": {"covered_lines": 21, "num_statements": 21, "percent_covered": 100.0, "percent_covered_display": "100", "missing_lines": 0, "excluded_lines": 0}, "missing_lines": [], "excluded_lines": []}, "ExchangeMarketDataProvider.__init__": {"executed_lines": [138, 139, 140], "summary": {"covered_lines": 3, "num_statements": 3, "percent_covered": 100.0, "percent_covered_display": "100", "missing_lines": 0, "excluded_lines": 0}, "missing_lines": [], "excluded_lines": []}, "ExchangeMarketDataProvider.fetch_data": {"executed_lines": [], "summary": {"covered_lines": 0, "num_statements": 2, "percent_covered": 0.0, "percent_covered_display": "0", "missing_lines": 2, "excluded_lines": 0}, "missing_lines": [151, 152], "excluded_lines": []}, "MarketDataFactory.create_provider": {"executed_lines": [172, 173, 174, 175, 177], "summary": {"covered_lines": 5, "num_statements": 5, "percent_covered": 100.0, "percent_covered_display": "100", "missing_lines": 0, "excluded_lines": 0}, "missing_lines": [], "excluded_lines": []}, "DefaultMarketDataProvider.__init__": {"executed_lines": [], "summary": {"covered_lines": 0, "num_statements": 1, "percent_covered": 0.0, "percent_covered_display": "0", "missing_lines": 1, "excluded_lines": 0}, "missing_lines": [193], "excluded_lines": []}, "DefaultMarketDataProvider.fetch_data": {"executed_lines": [], "summary": {"covered_lines": 0, "num_statements": 1, "percent_covered": 0.0, "percent_covered_display": "0", "missing_lines": 1, "excluded_lines": 0}, "missing_lines": [202], "excluded_lines": []}, "": {"executed_lines": [1, 6, 7, 8, 9, 10, 11, 12, 14, 16, 17, 21, 22, 31, 32, 36, 53, 68, 124, 125, 129, 142, 154, 155, 159, 160, 180, 181, 185, 195, 205], "summary": {"covered_lines": 25, "num_statements": 25, "percent_covered": 100.0, "percent_covered_display": "100", "missing_lines": 0, "excluded_lines": 0}, "missing_lines": [], "excluded_lines": []}}, "classes": {"MarketDataProvider": {"executed_lines": [], "summary": {"covered_lines": 0, "num_statements": 1, "percent_covered": 0.0, "percent_covered_display": "0", "missing_lines": 1, "excluded_lines": 0}, "missing_lines": [29], "excluded_lines": []}, "SyntheticMarketDataProvider": {"executed_lines": [44, 45, 46, 60, 62, 63, 64, 66, 79, 81, 82, 85, 88, 91, 92, 94, 95, 96, 99, 100, 102, 103, 104, 105, 108, 110, 119, 120, 122], "summary": {"covered_lines": 29, "num_statements": 29, "percent_covered": 100.0, "percent_covered_display": "100", "missing_lines": 0, "excluded_lines": 0}, "missing_lines": [], "excluded_lines": []}, "ExchangeMarketDataProvider": {"executed_lines": [138, 139, 140], "summary": {"covered_lines": 3, "num_statements": 5, "percent_covered": 60.0, "percent_covered_display": "60", "missing_lines": 2, "excluded_lines": 0}, "missing_lines": [151, 152], "excluded_lines": []}, "MarketDataFactory": {"executed_lines": [172, 173, 174, 175, 177], "summary": {"covered_lines": 5, "num_statements": 5, "percent_covered": 100.0, "percent_covered_display": "100", "missing_lines": 0, "excluded_lines": 0}, "missing_lines": [], "excluded_lines": []}, "DefaultMarketDataProvider": {"executed_lines": [], "summary": {"covered_lines": 0, "num_statements": 2, "percent_covered": 0.0, "percent_covered_display": "0", "missing_lines": 2, "excluded_lines": 0}, "missing_lines": [193, 202], "excluded_lines": []}, "": {"executed_lines": [1, 6, 7, 8, 9, 10, 11, 12, 14, 16, 17, 21, 22, 31, 32, 36, 53, 68, 124, 125, 129, 142, 154, 155, 159, 160, 180, 181, 185, 195, 205], "summary": {"covered_lines": 25, "num_statements": 25, "percent_covered": 100.0, "percent_covered_display": "100", "missing_lines": 0, "excluded_lines": 0}, "missing_lines": [], "excluded_lines": []}}}, "order_executor.py": {"executed_lines": [1, 2, 3, 4, 5, 7, 8, 9, 10, 11, 13, 14, 15, 17, 18, 19, 20, 21, 22, 24, 25, 27, 29, 30, 31, 32, 33, 34, 35, 36, 37, 38, 40, 45, 46, 51, 60, 61, 62, 63, 64, 66, 78, 89, 92, 95, 96, 97, 99, 101, 103, 105, 133, 140, 156, 165, 167, 168, 169, 171, 172, 173, 178, 192, 196, 199, 208, 210], "summary": {"covered_lines": 66, "num_statements": 89, "percent_covered": 74.15730337078652, "percent_covered_display": "74", "missing_lines": 23, "excluded_lines": 0}, "missing_lines": [41, 74, 75, 76, 115, 116, 117, 119, 122, 124, 125, 126, 127, 128, 131, 137, 138, 150, 151, 154, 176, 193, 194], "excluded_lines": [], "functions": {"Order.__init__": {"executed_lines": [29, 30, 31, 32, 33, 34, 35, 36, 37, 38], "summary": {"covered_lines": 10, "num_statements": 10, "percent_covered": 100.0, "percent_covered_display": "100", "missing_lines": 0, "excluded_lines": 0}, "missing_lines": [], "excluded_lines": []}, "Order.__str__": {"executed_lines": [], "summary": {"covered_lines": 0, "num_statements": 1, "percent_covered": 0.0, "percent_covered_display": "0", "missing_lines": 1, "excluded_lines": 0}, "missing_lines": [41], "excluded_lines": []}, "OrderExecutor.__init__": {"executed_lines": [60, 61, 62, 63, 64], "summary": {"covered_lines": 5, "num_statements": 5, "percent_covered": 100.0, "percent_covered_display": "100", "missing_lines": 0, "excluded_lines": 0}, "missing_lines": [], "excluded_lines": []}, "OrderExecutor.connect": {"executed_lines": [], "summary": {"covered_lines": 0, "num_statements": 3, "percent_covered": 0.0, "percent_covered_display": "0", "missing_lines": 3, "excluded_lines": 0}, "missing_lines": [74, 75, 76], "excluded_lines": []}, "OrderExecutor.submit_order": {"executed_lines": [89, 92, 95, 96, 97, 99, 101, 103], "summary": {"covered_lines": 8, "num_statements": 8, "percent_covered": 100.0, "percent_covered_display": "100", "missing_lines": 0, "excluded_lines": 0}, "missing_lines": [], "excluded_lines": []}, "OrderExecutor.cancel_order": {"executed_lines": [], "summary": {"covered_lines": 0, "num_statements": 11, "percent_covered": 0.0, "percent_covered_display": "0", "missing_lines": 11, "excluded_lines": 0}, "missing_lines": [115, 116, 117, 119, 122, 124, 125, 126, 127, 128, 131], "excluded_lines": []}, "OrderExecutor.disconnect": {"executed_lines": [], "summary": {"covered_lines": 0, "num_statements": 2, "percent_covered": 0.0, "percent_covered_display": "0", "missing_lines": 2, "excluded_lines": 0}, "missing_lines": [137, 138], "excluded_lines": []}, "OrderExecutor.get_order_status": {"executed_lines": [], "summary": {"covered_lines": 0, "num_statements": 3, "percent_covered": 0.0, "percent_covered_display": "0", "missing_lines": 3, "excluded_lines": 0}, "missing_lines": [150, 151, 154], "excluded_lines": []}, "OrderExecutor._simulate_execution": {"executed_lines": [165, 167, 168, 169, 171, 172, 173], "summary": {"covered_lines": 7, "num_statements": 8, "percent_covered": 87.5, "percent_covered_display": "88", "missing_lines": 1, "excluded_lines": 0}, "missing_lines": [176], "excluded_lines": []}, "OrderExecutor.execute_signal": {"executed_lines": [192, 196, 199, 208, 210], "summary": {"covered_lines": 5, "num_statements": 7, "percent_covered": 71.42857142857143, "percent_covered_display": "71", "missing_lines": 2, "excluded_lines": 0}, "missing_lines": [193, 194], "excluded_lines": []}, "": {"executed_lines": [1, 2, 3, 4, 5, 7, 8, 9, 10, 11, 13, 14, 15, 17, 18, 19, 20, 21, 22, 24, 25, 27, 40, 45, 46, 51, 66, 78, 105, 133, 140, 156, 178], "summary": {"covered_lines": 31, "num_statements": 31, "percent_covered": 100.0, "percent_covered_display": "100", "missing_lines": 0, "excluded_lines": 0}, "missing_lines": [], "excluded_lines": []}}, "classes": {"OrderType": {"executed_lines": [], "summary": {"covered_lines": 0, "num_statements": 0, "percent_covered": 100.0, "percent_covered_display": "100", "missing_lines": 0, "excluded_lines": 0}, "missing_lines": [], "excluded_lines": []}, "OrderSide": {"executed_lines": [], "summary": {"covered_lines": 0, "num_statements": 0, "percent_covered": 100.0, "percent_covered_display": "100", "missing_lines": 0, "excluded_lines": 0}, "missing_lines": [], "excluded_lines": []}, "OrderStatus": {"executed_lines": [], "summary": {"covered_lines": 0, "num_statements": 0, "percent_covered": 100.0, "percent_covered_display": "100", "missing_lines": 0, "excluded_lines": 0}, "missing_lines": [], "excluded_lines": []}, "Order": {"executed_lines": [29, 30, 31, 32, 33, 34, 35, 36, 37, 38], "summary": {"covered_lines": 10, "num_statements": 11, "percent_covered": 90.9090909090909, "percent_covered_display": "91", "missing_lines": 1, "excluded_lines": 0}, "missing_lines": [41], "excluded_lines": []}, "OrderExecutor": {"executed_lines": [60, 61, 62, 63, 64, 89, 92, 95, 96, 97, 99, 101, 103, 165, 167, 168, 169, 171, 172, 173, 192, 196, 199, 208, 210], "summary": {"covered_lines": 25, "num_statements": 47, "percent_covered": 53.191489361702125, "percent_covered_display": "53", "missing_lines": 22, "excluded_lines": 0}, "missing_lines": [74, 75, 76, 115, 116, 117, 119, 122, 124, 125, 126, 127, 128, 131, 137, 138, 150, 151, 154, 176, 193, 194], "excluded_lines": []}, "": {"executed_lines": [1, 2, 3, 4, 5, 7, 8, 9, 10, 11, 13, 14, 15, 17, 18, 19, 20, 21, 22, 24, 25, 27, 40, 45, 46, 51, 66, 78, 105, 133, 140, 156, 178], "summary": {"covered_lines": 31, "num_statements": 31, "percent_covered": 100.0, "percent_covered_display": "100", "missing_lines": 0, "excluded_lines": 0}, "missing_lines": [], "excluded_lines": []}}}, "risk_manager.py": {"executed_lines": [1, 2, 3, 4, 6, 7, 11, 22, 23, 24, 25, 26, 29, 30, 31, 32, 33, 35, 42, 43, 44, 46, 48, 51, 61, 80, 87, 90, 92, 99, 101, 105, 107, 121, 122, 125, 139, 141, 156, 160, 163, 164, 165, 166, 167, 170, 172], "summary": {"covered_lines": 46, "num_statements": 68, "percent_covered": 67.6470588235294, "percent_covered_display": "68", "missing_lines": 22, "excluded_lines": 0}, "missing_lines": [49, 59, 69, 70, 71, 72, 74, 76, 78, 88, 102, 103, 126, 128, 129, 130, 131, 132, 135, 136, 137, 157], "excluded_lines": [], "functions": {"RiskManager.__init__": {"executed_lines": [22, 23, 24, 25, 26, 29, 30, 31, 32, 33], "summary": {"covered_lines": 10, "num_statements": 10, "percent_covered": 100.0, "percent_covered_display": "100", "missing_lines": 0, "excluded_lines": 0}, "missing_lines": [], "excluded_lines": []}, "RiskManager.set_account_balance": {"executed_lines": [42, 43, 44, 46, 48], "summary": {"covered_lines": 5, "num_statements": 6, "percent_covered": 83.33333333333333, "percent_covered_display": "83", "missing_lines": 1, "excluded_lines": 0}, "missing_lines": [49], "excluded_lines": []}, "RiskManager.update_position": {"executed_lines": [], "summary": {"covered_lines": 0, "num_statements": 1, "percent_covered": 0.0, "percent_covered_display": "0", "missing_lines": 1, "excluded_lines": 0}, "missing_lines": [59], "excluded_lines": []}, "RiskManager.update_correlation_matrix": {"executed_lines": [], "summary": {"covered_lines": 0, "num_statements": 7, "percent_covered": 0.0, "percent_covered_display": "0", "missing_lines": 7, "excluded_lines": 0}, "missing_lines": [69, 70, 71, 72, 74, 76, 78], "excluded_lines": []}, "RiskManager.calculate_current_drawdown": {"executed_lines": [87, 90], "summary": {"covered_lines": 2, "num_statements": 3, "percent_covered": 66.66666666666667, "percent_covered_display": "67", "missing_lines": 1, "excluded_lines": 0}, "missing_lines": [88], "excluded_lines": []}, "RiskManager.check_drawdown_limit": {"executed_lines": [99, 101, 105], "summary": {"covered_lines": 3, "num_statements": 5, "percent_covered": 60.0, "percent_covered_display": "60", "missing_lines": 2, "excluded_lines": 0}, "missing_lines": [102, 103], "excluded_lines": []}, "RiskManager.adjust_position_size": {"executed_lines": [121, 122, 125, 139], "summary": {"covered_lines": 4, "num_statements": 13, "percent_covered": 30.76923076923077, "percent_covered_display": "31", "missing_lines": 9, "excluded_lines": 0}, "missing_lines": [126, 128, 129, 130, 131, 132, 135, 136, 137], "excluded_lines": []}, "RiskManager.should_place_trade": {"executed_lines": [156, 160, 163, 164, 165, 166, 167, 170, 172], "summary": {"covered_lines": 9, "num_statements": 10, "percent_covered": 90.0, "percent_covered_display": "90", "missing_lines": 1, "excluded_lines": 0}, "missing_lines": [157], "excluded_lines": []}, "": {"executed_lines": [1, 2, 3, 4, 6, 7, 11, 35, 51, 61, 80, 92, 107, 141], "summary": {"covered_lines": 13, "num_statements": 13, "percent_covered": 100.0, "percent_covered_display": "100", "missing_lines": 0, "excluded_lines": 0}, "missing_lines": [], "excluded_lines": []}}, "classes": {"RiskManager": {"executed_lines": [22, 23, 24, 25, 26, 29, 30, 31, 32, 33, 42, 43, 44, 46, 48, 87, 90, 99, 101, 105, 121, 122, 125, 139, 156, 160, 163, 164, 165, 166, 167, 170, 172], "summary": {"covered_lines": 33, "num_statements": 55, "percent_covered": 60.0, "percent_covered_display": "60", "missing_lines": 22, "excluded_lines": 0}, "missing_lines": [49, 59, 69, 70, 71, 72, 74, 76, 78, 88, 102, 103, 126, 128, 129, 130, 131, 132, 135, 136, 137, 157], "excluded_lines": []}, "": {"executed_lines": [1, 2, 3, 4, 6, 7, 11, 35, 51, 61, 80, 92, 107, 141], "summary": {"covered_lines": 13, "num_statements": 13, "percent_covered": 100.0, "percent_covered_display": "100", "missing_lines": 0, "excluded_lines": 0}, "missing_lines": [], "excluded_lines": []}}}, "run_tests.py": {"executed_lines": [], "summary": {"covered_lines": 0, "num_statements": 51, "percent_covered": 0.0, "percent_covered_display": "0", "missing_lines": 51, "excluded_lines": 0}, "missing_lines": [6, 7, 8, 11, 13, 14, 15, 16, 18, 19, 20, 21, 22, 23, 24, 25, 26, 27, 28, 29, 30, 31, 34, 36, 37, 40, 41, 42, 43, 44, 47, 56, 57, 58, 59, 61, 63, 64, 65, 66, 67, 68, 69, 70, 71, 73, 75, 76, 78, 81, 82], "excluded_lines": [], "functions": {"run_command": {"executed_lines": [], "summary": {"covered_lines": 0, "num_statements": 18, "percent_covered": 0.0, "percent_covered_display": "0", "missing_lines": 18, "excluded_lines": 0}, "missing_lines": [13, 14, 15, 16, 18, 19, 20, 21, 22, 23, 24, 25, 26, 27, 28, 29, 30, 31], "excluded_lines": []}, "main": {"executed_lines": [], "summary": {"covered_lines": 0, "num_statements": 26, "percent_covered": 0.0, "percent_covered_display": "0", "missing_lines": 26, "excluded_lines": 0}, "missing_lines": [36, 37, 40, 41, 42, 43, 44, 47, 56, 57, 58, 59, 61, 63, 64, 65, 66, 67, 68, 69, 70, 71, 73, 75, 76, 78], "excluded_lines": []}, "": {"executed_lines": [], "summary": {"covered_lines": 0, "num_statements": 7, "percent_covered": 0.0, "percent_covered_display": "0", "missing_lines": 7, "excluded_lines": 0}, "missing_lines": [6, 7, 8, 11, 34, 81, 82], "excluded_lines": []}}, "classes": {"": {"executed_lines": [], "summary": {"covered_lines": 0, "num_statements": 51, "percent_covered": 0.0, "percent_covered_display": "0", "missing_lines": 51, "excluded_lines": 0}, "missing_lines": [6, 7, 8, 11, 13, 14, 15, 16, 18, 19, 20, 21, 22, 23, 24, 25, 26, 27, 28, 29, 30, 31, 34, 36, 37, 40, 41, 42, 43, 44, 47, 56, 57, 58, 59, 61, 63, 64, 65, 66, 67, 68, 69, 70, 71, 73, 75, 76, 78, 81, 82], "excluded_lines": []}}}, "strategy.py": {"executed_lines": [1, 2, 3, 5, 6, 10, 21, 22, 23, 24, 25, 27, 35, 36, 42, 53, 56, 57, 60, 61, 64, 67, 68, 70, 72, 83, 85, 87, 94, 96, 97, 101, 104, 105, 106, 109, 111, 112, 116, 118, 131, 134, 135, 138, 139, 142, 143, 145], "summary": {"covered_lines": 47, "num_statements": 56, "percent_covered": 83.92857142857143, "percent_covered_display": "84", "missing_lines": 9, "excluded_lines": 0}, "missing_lines": [38, 40, 65, 84, 98, 99, 110, 114, 132], "excluded_lines": [], "functions": {"TradingStrategy.__init__": {"executed_lines": [21, 22, 23, 24, 25], "summary": {"covered_lines": 5, "num_statements": 5, "percent_covered": 100.0, "percent_covered_display": "100", "missing_lines": 0, "excluded_lines": 0}, "missing_lines": [], "excluded_lines": []}, "TradingStrategy.update_data": {"executed_lines": [35, 36], "summary": {"covered_lines": 2, "num_statements": 4, "percent_covered": 50.0, "percent_covered_display": "50", "missing_lines": 2, "excluded_lines": 0}, "missing_lines": [38, 40], "excluded_lines": []}, "TradingStrategy.calculate_rsi": {"executed_lines": [53, 56, 57, 60, 61, 64, 67, 68, 70], "summary": {"covered_lines": 9, "num_statements": 10, "percent_covered": 90.0, "percent_covered_display": "90", "missing_lines": 1, "excluded_lines": 0}, "missing_lines": [65], "excluded_lines": []}, "TradingStrategy.calculate_sma": {"executed_lines": [83, 85], "summary": {"covered_lines": 2, "num_statements": 3, "percent_covered": 66.66666666666667, "percent_covered_display": "67", "missing_lines": 1, "excluded_lines": 0}, "missing_lines": [84], "excluded_lines": []}, "TradingStrategy.generate_signals": {"executed_lines": [94, 96, 97, 101, 104, 105, 106, 109, 111, 112, 116], "summary": {"covered_lines": 11, "num_statements": 15, "percent_covered": 73.33333333333333, "percent_covered_display": "73", "missing_lines": 4, "excluded_lines": 0}, "missing_lines": [98, 99, 110, 114], "excluded_lines": []}, "TradingStrategy.get_position_size": {"executed_lines": [131, 134, 135, 138, 139, 142, 143, 145], "summary": {"covered_lines": 8, "num_statements": 9, "percent_covered": 88.88888888888889, "percent_covered_display": "89", "missing_lines": 1, "excluded_lines": 0}, "missing_lines": [132], "excluded_lines": []}, "": {"executed_lines": [1, 2, 3, 5, 6, 10, 27, 42, 72, 87, 118], "summary": {"covered_lines": 10, "num_statements": 10, "percent_covered": 100.0, "percent_covered_display": "100", "missing_lines": 0, "excluded_lines": 0}, "missing_lines": [], "excluded_lines": []}}, "classes": {"TradingStrategy": {"executed_lines": [21, 22, 23, 24, 25, 35, 36, 53, 56, 57, 60, 61, 64, 67, 68, 70, 83, 85, 94, 96, 97, 101, 104, 105, 106, 109, 111, 112, 116, 131, 134, 135, 138, 139, 142, 143, 145], "summary": {"covered_lines": 37, "num_statements": 46, "percent_covered": 80.43478260869566, "percent_covered_display": "80", "missing_lines": 9, "excluded_lines": 0}, "missing_lines": [38, 40, 65, 84, 98, 99, 110, 114, 132], "excluded_lines": []}, "": {"executed_lines": [1, 2, 3, 5, 6, 10, 27, 42, 72, 87, 118], "summary": {"covered_lines": 10, "num_statements": 10, "percent_covered": 100.0, "percent_covered_display": "100", "missing_lines": 0, "excluded_lines": 0}, "missing_lines": [], "excluded_lines": []}}}, "test_trading_system.py": {"executed_lines": [], "summary": {"covered_lines": 0, "num_statements": 201, "percent_covered": 0.0, "percent_covered_display": "0", "missing_lines": 201, "excluded_lines": 0}, "missing_lines": [4, 5, 6, 7, 8, 9, 10, 11, 12, 14, 15, 16, 17, 18, 25, 27, 28, 29, 30, 31, 34, 36, 37, 38, 39, 42, 44, 45, 46, 47, 48, 49, 52, 54, 55, 56, 57, 60, 62, 63, 71, 74, 76, 81, 82, 83, 84, 87, 89, 90, 98, 99, 100, 101, 102, 109, 111, 112, 116, 117, 124, 126, 127, 130, 132, 133, 136, 138, 139, 146, 149, 151, 158, 160, 161, 162, 163, 165, 168, 169, 171, 172, 174, 176, 177, 179, 180, 182, 185, 186, 194, 195, 197, 198, 199, 201, 203, 204, 212, 213, 214, 215, 216, 223, 226, 228, 235, 237, 238, 239, 240, 242, 244, 245, 246, 247, 249, 251, 252, 254, 255, 257, 259, 261, 268, 269, 270, 272, 274, 275, 276, 277, 284, 287, 289, 294, 295, 297, 299, 300, 301, 304, 305, 306, 307, 308, 309, 310, 311, 318, 321, 323, 329, 330, 332, 333, 335, 336, 338, 340, 347, 348, 350, 351, 353, 354, 357, 359, 360, 361, 362, 369, 370, 373, 374, 375, 376, 379, 382, 385, 386, 389, 392, 393, 394, 397, 403, 405, 412, 414, 421, 422, 425, 427, 435, 436, 443, 444, 445, 448, 449], "excluded_lines": [], "functions": {"test_load_config_success": {"executed_lines": [], "summary": {"covered_lines": 0, "num_statements": 5, "percent_covered": 0.0, "percent_covered_display": "0", "missing_lines": 5, "excluded_lines": 0}, "missing_lines": [27, 28, 29, 30, 31], "excluded_lines": []}, "test_load_config_failure": {"executed_lines": [], "summary": {"covered_lines": 0, "num_statements": 4, "percent_covered": 0.0, "percent_covered_display": "0", "missing_lines": 4, "excluded_lines": 0}, "missing_lines": [36, 37, 38, 39], "excluded_lines": []}, "test_save_results_success": {"executed_lines": [], "summary": {"covered_lines": 0, "num_statements": 6, "percent_covered": 0.0, "percent_covered_display": "0", "missing_lines": 6, "excluded_lines": 0}, "missing_lines": [44, 45, 46, 47, 48, 49], "excluded_lines": []}, "test_save_results_failure": {"executed_lines": [], "summary": {"covered_lines": 0, "num_statements": 4, "percent_covered": 0.0, "percent_covered_display": "0", "missing_lines": 4, "excluded_lines": 0}, "missing_lines": [54, 55, 56, 57], "excluded_lines": []}, "test_calculate_performance_metrics_no_trades": {"executed_lines": [], "summary": {"covered_lines": 0, "num_statements": 3, "percent_covered": 0.0, "percent_covered_display": "0", "missing_lines": 3, "excluded_lines": 0}, "missing_lines": [62, 63, 71], "excluded_lines": []}, "test_calculate_performance_metrics_basic": {"executed_lines": [], "summary": {"covered_lines": 0, "num_statements": 5, "percent_covered": 0.0, "percent_covered_display": "0", "missing_lines": 5, "excluded_lines": 0}, "missing_lines": [76, 81, 82, 83, 84], "excluded_lines": []}, "test_resample_ohlcv": {"executed_lines": [], "summary": {"covered_lines": 0, "num_statements": 7, "percent_covered": 0.0, "percent_covered_display": "0", "missing_lines": 7, "excluded_lines": 0}, "missing_lines": [89, 90, 98, 99, 100, 101, 102], "excluded_lines": []}, "test_config_example_keys": {"executed_lines": [], "summary": {"covered_lines": 0, "num_statements": 4, "percent_covered": 0.0, "percent_covered_display": "0", "missing_lines": 4, "excluded_lines": 0}, "missing_lines": [111, 112, 116, 117], "excluded_lines": []}, "test_market_data_factory_synthetic": {"executed_lines": [], "summary": {"covered_lines": 0, "num_statements": 2, "percent_covered": 0.0, "percent_covered_display": "0", "missing_lines": 2, "excluded_lines": 0}, "missing_lines": [126, 127], "excluded_lines": []}, "test_market_data_factory_exchange": {"executed_lines": [], "summary": {"covered_lines": 0, "num_statements": 2, "percent_covered": 0.0, "percent_covered_display": "0", "missing_lines": 2, "excluded_lines": 0}, "missing_lines": [132, 133], "excluded_lines": []}, "test_market_data_factory_unknown": {"executed_lines": [], "summary": {"covered_lines": 0, "num_statements": 2, "percent_covered": 0.0, "percent_covered_display": "0", "missing_lines": 2, "excluded_lines": 0}, "missing_lines": [138, 139], "excluded_lines": []}, "TestTradingStrategy.setup_method": {"executed_lines": [], "summary": {"covered_lines": 0, "num_statements": 1, "percent_covered": 0.0, "percent_covered_display": "0", "missing_lines": 1, "excluded_lines": 0}, "missing_lines": [151], "excluded_lines": []}, "TestTradingStrategy.test_initialization": {"executed_lines": [], "summary": {"covered_lines": 0, "num_statements": 4, "percent_covered": 0.0, "percent_covered_display": "0", "missing_lines": 4, "excluded_lines": 0}, "missing_lines": [160, 161, 162, 163], "excluded_lines": []}, "TestTradingStrategy.test_rsi_calculation": {"executed_lines": [], "summary": {"covered_lines": 0, "num_statements": 4, "percent_covered": 0.0, "percent_covered_display": "0", "missing_lines": 4, "excluded_lines": 0}, "missing_lines": [168, 169, 171, 172], "excluded_lines": []}, "TestTradingStrategy.test_sma_calculation": {"executed_lines": [], "summary": {"covered_lines": 0, "num_statements": 4, "percent_covered": 0.0, "percent_covered_display": "0", "missing_lines": 4, "excluded_lines": 0}, "missing_lines": [176, 177, 179, 180], "excluded_lines": []}, "TestTradingStrategy.test_signal_generation": {"executed_lines": [], "summary": {"covered_lines": 0, "num_statements": 7, "percent_covered": 0.0, "percent_covered_display": "0", "missing_lines": 7, "excluded_lines": 0}, "missing_lines": [185, 186, 194, 195, 197, 198, 199], "excluded_lines": []}, "TestTradingStrategy.test_strategy_signals_structure": {"executed_lines": [], "summary": {"covered_lines": 0, "num_statements": 7, "percent_covered": 0.0, "percent_covered_display": "0", "missing_lines": 7, "excluded_lines": 0}, "missing_lines": [203, 204, 212, 213, 214, 215, 216], "excluded_lines": []}, "TestRiskManager.setup_method": {"executed_lines": [], "summary": {"covered_lines": 0, "num_statements": 1, "percent_covered": 0.0, "percent_covered_display": "0", "missing_lines": 1, "excluded_lines": 0}, "missing_lines": [228], "excluded_lines": []}, "TestRiskManager.test_initialization": {"executed_lines": [], "summary": {"covered_lines": 0, "num_statements": 4, "percent_covered": 0.0, "percent_covered_display": "0", "missing_lines": 4, "excluded_lines": 0}, "missing_lines": [237, 238, 239, 240], "excluded_lines": []}, "TestRiskManager.test_account_balance_setting": {"executed_lines": [], "summary": {"covered_lines": 0, "num_statements": 4, "percent_covered": 0.0, "percent_covered_display": "0", "missing_lines": 4, "excluded_lines": 0}, "missing_lines": [244, 245, 246, 247], "excluded_lines": []}, "TestRiskManager.test_drawdown_calculation": {"executed_lines": [], "summary": {"covered_lines": 0, "num_statements": 4, "percent_covered": 0.0, "percent_covered_display": "0", "missing_lines": 4, "excluded_lines": 0}, "missing_lines": [251, 252, 254, 255], "excluded_lines": []}, "TestRiskManager.test_position_sizing": {"executed_lines": [], "summary": {"covered_lines": 0, "num_statements": 5, "percent_covered": 0.0, "percent_covered_display": "0", "missing_lines": 5, "excluded_lines": 0}, "missing_lines": [259, 261, 268, 269, 270], "excluded_lines": []}, "TestRiskManager.test_risk_manager_has_methods": {"executed_lines": [], "summary": {"covered_lines": 0, "num_statements": 4, "percent_covered": 0.0, "percent_covered_display": "0", "missing_lines": 4, "excluded_lines": 0}, "missing_lines": [274, 275, 276, 277], "excluded_lines": []}, "TestMarketDataProvider.setup_method": {"executed_lines": [], "summary": {"covered_lines": 0, "num_statements": 1, "percent_covered": 0.0, "percent_covered_display": "0", "missing_lines": 1, "excluded_lines": 0}, "missing_lines": [289], "excluded_lines": []}, "TestMarketDataProvider.test_data_fetching": {"executed_lines": [], "summary": {"covered_lines": 0, "num_statements": 12, "percent_covered": 0.0, "percent_covered_display": "0", "missing_lines": 12, "excluded_lines": 0}, "missing_lines": [297, 299, 300, 301, 304, 305, 306, 307, 308, 309, 310, 311], "excluded_lines": []}, "TestOrderExecutor.setup_method": {"executed_lines": [], "summary": {"covered_lines": 0, "num_statements": 1, "percent_covered": 0.0, "percent_covered_display": "0", "missing_lines": 1, "excluded_lines": 0}, "missing_lines": [323], "excluded_lines": []}, "TestOrderExecutor.test_connection": {"executed_lines": [], "summary": {"covered_lines": 0, "num_statements": 2, "percent_covered": 0.0, "percent_covered_display": "0", "missing_lines": 2, "excluded_lines": 0}, "missing_lines": [332, 333], "excluded_lines": []}, "TestOrderExecutor.test_signal_execution": {"executed_lines": [], "summary": {"covered_lines": 0, "num_statements": 4, "percent_covered": 0.0, "percent_covered_display": "0", "missing_lines": 4, "excluded_lines": 0}, "missing_lines": [338, 340, 347, 348], "excluded_lines": []}, "TestOrderExecutor.test_disconnection": {"executed_lines": [], "summary": {"covered_lines": 0, "num_statements": 2, "percent_covered": 0.0, "percent_covered_display": "0", "missing_lines": 2, "excluded_lines": 0}, "missing_lines": [353, 354], "excluded_lines": []}, "TestOrderExecutor.test_order_executor_has_methods": {"executed_lines": [], "summary": {"covered_lines": 0, "num_statements": 4, "percent_covered": 0.0, "percent_covered_display": "0", "missing_lines": 4, "excluded_lines": 0}, "missing_lines": [359, 360, 361, 362], "excluded_lines": []}, "test_integration": {"executed_lines": [], "summary": {"covered_lines": 0, "num_statements": 19, "percent_covered": 0.0, "percent_covered_display": "0", "missing_lines": 19, "excluded_lines": 0}, "missing_lines": [373, 374, 375, 376, 379, 382, 385, 386, 389, 392, 393, 394, 397, 403, 405, 412, 414, 421, 422], "excluded_lines": []}, "test_main_runs_paper_trading": {"executed_lines": [], "summary": {"covered_lines": 0, "num_statements": 6, "percent_covered": 0.0, "percent_covered_display": "0", "missing_lines": 6, "excluded_lines": 0}, "missing_lines": [427, 435, 436, 443, 444, 445], "excluded_lines": []}, "": {"executed_lines": [], "summary": {"covered_lines": 0, "num_statements": 57, "percent_covered": 0.0, "percent_covered_display": "0", "missing_lines": 57, "excluded_lines": 0}, "missing_lines": [4, 5, 6, 7, 8, 9, 10, 11, 12, 14, 15, 16, 17, 18, 25, 34, 42, 52, 60, 74, 87, 109, 124, 130, 136, 146, 149, 158, 165, 174, 182, 201, 223, 226, 235, 242, 249, 257, 272, 284, 287, 294, 295, 318, 321, 329, 330, 335, 336, 350, 351, 357, 369, 370, 425, 448, 449], "excluded_lines": []}}, "classes": {"TestTradingStrategy": {"executed_lines": [], "summary": {"covered_lines": 0, "num_statements": 27, "percent_covered": 0.0, "percent_covered_display": "0", "missing_lines": 27, "excluded_lines": 0}, "missing_lines": [151, 160, 161, 162, 163, 168, 169, 171, 172, 176, 177, 179, 180, 185, 186, 194, 195, 197, 198, 199, 203, 204, 212, 213, 214, 215, 216], "excluded_lines": []}, "TestRiskManager": {"executed_lines": [], "summary": {"covered_lines": 0, "num_statements": 22, "percent_covered": 0.0, "percent_covered_display": "0", "missing_lines": 22, "excluded_lines": 0}, "missing_lines": [228, 237, 238, 239, 240, 244, 245, 246, 247, 251, 252, 254, 255, 259, 261, 268, 269, 270, 274, 275, 276, 277], "excluded_lines": []}, "TestMarketDataProvider": {"executed_lines": [], "summary": {"covered_lines": 0, "num_statements": 13, "percent_covered": 0.0, "percent_covered_display": "0", "missing_lines": 13, "excluded_lines": 0}, "missing_lines": [289, 297, 299, 300, 301, 304, 305, 306, 307, 308, 309, 310, 311], "excluded_lines": []}, "TestOrderExecutor": {"executed_lines": [], "summary": {"covered_lines": 0, "num_statements": 13, "percent_covered": 0.0, "percent_covered_display": "0", "missing_lines": 13, "excluded_lines": 0}, "missing_lines": [323, 332, 333, 338, 340, 347, 348, 353, 354, 359, 360, 361, 362], "excluded_lines": []}, "": {"executed_lines": [], "summary": {"covered_lines": 0, "num_statements": 126, "percent_covered": 0.0, "percent_covered_display": "0", "missing_lines": 126, "excluded_lines": 0}, "missing_lines": [4, 5, 6, 7, 8, 9, 10, 11, 12, 14, 15, 16, 17, 18, 25, 27, 28, 29, 30, 31, 34, 36, 37, 38, 39, 42, 44, 45, 46, 47, 48, 49, 52, 54, 55, 56, 57, 60, 62, 63, 71, 74, 76, 81, 82, 83, 84, 87, 89, 90, 98, 99, 100, 101, 102, 109, 111, 112, 116, 117, 124, 126, 127, 130, 132, 133, 136, 138, 139, 146, 149, 158, 165, 174, 182, 201, 223, 226, 235, 242, 249, 257, 272, 284, 287, 294, 295, 318, 321, 329, 330, 335, 336, 350, 351, 357, 369, 370, 373, 374, 375, 376, 379, 382, 385, 386, 389, 392, 393, 394, 397, 403, 405, 412, 414, 421, 422, 425, 427, 435, 436, 443, 444, 445, 448, 449], "excluded_lines": []}}}, "tests/__init__.py": {"executed_lines": [1], "summary": {"covered_lines": 0, "num_statements": 0, "percent_covered": 100.0, "percent_covered_display": "100", "missing_lines": 0, "excluded_lines": 0}, "missing_lines": [], "excluded_lines": [], "functions": {"": {"executed_lines": [1], "summary": {"covered_lines": 0, "num_statements": 0, "percent_covered": 100.0, "percent_covered_display": "100", "missing_lines": 0, "excluded_lines": 0}, "missing_lines": [], "excluded_lines": []}}, "classes": {"": {"executed_lines": [1], "summary": {"covered_lines": 0, "num_statements": 0, "percent_covered": 100.0, "percent_covered_display": "100", "missing_lines": 0, "excluded_lines": 0}, "missing_lines": [], "excluded_lines": []}}}, "tests/test_integration.py": {"executed_lines": [1, 4, 5, 6, 7, 8, 9, 11, 12, 13, 14, 17, 19, 20, 23, 25, 26, 29, 31, 32, 35, 36, 39, 40, 41, 42, 45, 48, 51, 52, 55, 58, 59, 60, 63, 69, 71, 78, 80, 87, 88, 91, 93, 101, 102, 109, 110, 111, 114, 115, 118, 119, 120, 121, 122, 125, 128, 129, 130, 133, 134, 137, 138, 139, 142, 143, 144, 145, 148, 154, 156, 163, 165, 172, 173, 174, 177, 178], "summary": {"covered_lines": 77, "num_statements": 77, "percent_covered": 100.0, "percent_covered_display": "100", "missing_lines": 0, "excluded_lines": 0}, "missing_lines": [], "excluded_lines": [], "functions": {"test_market_data_factory_synthetic": {"executed_lines": [19, 20], "summary": {"covered_lines": 2, "num_statements": 2, "percent_covered": 100.0, "percent_covered_display": "100", "missing_lines": 0, "excluded_lines": 0}, "missing_lines": [], "excluded_lines": []}, "test_market_data_factory_exchange": {"executed_lines": [25, 26], "summary": {"covered_lines": 2, "num_statements": 2, "percent_covered": 100.0, "percent_covered_display": "100", "missing_lines": 0, "excluded_lines": 0}, "missing_lines": [], "excluded_lines": []}, "test_market_data_factory_unknown": {"executed_lines": [31, 32], "summary": {"covered_lines": 2, "num_statements": 2, "percent_covered": 100.0, "percent_covered_display": "100", "missing_lines": 0, "excluded_lines": 0}, "missing_lines": [], "excluded_lines": []}, "test_integration": {"executed_lines": [39, 40, 41, 42, 45, 48, 51, 52, 55, 58, 59, 60, 63, 69, 71, 78, 80, 87, 88], "summary": {"covered_lines": 19, "num_statements": 19, "percent_covered": 100.0, "percent_covered_display": "100", "missing_lines": 0, "excluded_lines": 0}, "missing_lines": [], "excluded_lines": []}, "test_main_runs_paper_trading": {"executed_lines": [93, 101, 102, 109, 110, 111], "summary": {"covered_lines": 6, "num_statements": 6, "percent_covered": 100.0, "percent_covered_display": "100", "missing_lines": 0, "excluded_lines": 0}, "missing_lines": [], "excluded_lines": []}, "test_end_to_end_trading_cycle": {"executed_lines": [118, 119, 120, 121, 122, 125, 128, 129, 130, 133, 134, 137, 138, 139, 142, 143, 144, 145, 148, 154, 156, 163, 165, 172, 173, 174, 177, 178], "summary": {"covered_lines": 28, "num_statements": 28, "percent_covered": 100.0, "percent_covered_display": "100", "missing_lines": 0, "excluded_lines": 0}, "missing_lines": [], "excluded_lines": []}, "": {"executed_lines": [1, 4, 5, 6, 7, 8, 9, 11, 12, 13, 14, 17, 23, 29, 35, 36, 91, 114, 115], "summary": {"covered_lines": 18, "num_statements": 18, "percent_covered": 100.0, "percent_covered_display": "100", "missing_lines": 0, "excluded_lines": 0}, "missing_lines": [], "excluded_lines": []}}, "classes": {"": {"executed_lines": [1, 4, 5, 6, 7, 8, 9, 11, 12, 13, 14, 17, 19, 20, 23, 25, 26, 29, 31, 32, 35, 36, 39, 40, 41, 42, 45, 48, 51, 52, 55, 58, 59, 60, 63, 69, 71, 78, 80, 87, 88, 91, 93, 101, 102, 109, 110, 111, 114, 115, 118, 119, 120, 121, 122, 125, 128, 129, 130, 133, 134, 137, 138, 139, 142, 143, 144, 145, 148, 154, 156, 163, 165, 172, 173, 174, 177, 178], "summary": {"covered_lines": 77, "num_statements": 77, "percent_covered": 100.0, "percent_covered_display": "100", "missing_lines": 0, "excluded_lines": 0}, "missing_lines": [], "excluded_lines": []}}}, "tests/test_utils.py": {"executed_lines": [1, 4, 5, 6, 7, 8, 10, 13, 15, 16, 17, 18, 19, 22, 24, 25, 26, 27, 30, 32, 33, 34, 35, 36, 37, 40, 42, 43, 44, 45, 48, 50, 51, 59, 62, 64, 69, 70, 71, 72, 75, 77, 78, 86, 87, 88, 89, 90, 93, 95, 96, 100, 101], "summary": {"covered_lines": 52, "num_statements": 52, "percent_covered": 100.0, "percent_covered_display": "100", "missing_lines": 0, "excluded_lines": 0}, "missing_lines": [], "excluded_lines": [], "functions": {"test_load_config_success": {"executed_lines": [15, 16, 17, 18, 19], "summary": {"covered_lines": 5, "num_statements": 5, "percent_covered": 100.0, "percent_covered_display": "100", "missing_lines": 0, "excluded_lines": 0}, "missing_lines": [], "excluded_lines": []}, "test_load_config_failure": {"executed_lines": [24, 25, 26, 27], "summary": {"covered_lines": 4, "num_statements": 4, "percent_covered": 100.0, "percent_covered_display": "100", "missing_lines": 0, "excluded_lines": 0}, "missing_lines": [], "excluded_lines": []}, "test_save_results_success": {"executed_lines": [32, 33, 34, 35, 36, 37], "summary": {"covered_lines": 6, "num_statements": 6, "percent_covered": 100.0, "percent_covered_display": "100", "missing_lines": 0, "excluded_lines": 0}, "missing_lines": [], "excluded_lines": []}, "test_save_results_failure": {"executed_lines": [42, 43, 44, 45], "summary": {"covered_lines": 4, "num_statements": 4, "percent_covered": 100.0, "percent_covered_display": "100", "missing_lines": 0, "excluded_lines": 0}, "missing_lines": [], "excluded_lines": []}, "test_calculate_performance_metrics_no_trades": {"executed_lines": [50, 51, 59], "summary": {"covered_lines": 3, "num_statements": 3, "percent_covered": 100.0, "percent_covered_display": "100", "missing_lines": 0, "excluded_lines": 0}, "missing_lines": [], "excluded_lines": []}, "test_calculate_performance_metrics_basic": {"executed_lines": [64, 69, 70, 71, 72], "summary": {"covered_lines": 5, "num_statements": 5, "percent_covered": 100.0, "percent_covered_display": "100", "missing_lines": 0, "excluded_lines": 0}, "missing_lines": [], "excluded_lines": []}, "test_resample_ohlcv": {"executed_lines": [77, 78, 86, 87, 88, 89, 90], "summary": {"covered_lines": 7, "num_statements": 7, "percent_covered": 100.0, "percent_covered_display": "100", "missing_lines": 0, "excluded_lines": 0}, "missing_lines": [], "excluded_lines": []}, "test_config_example_keys": {"executed_lines": [95, 96, 100, 101], "summary": {"covered_lines": 4, "num_statements": 4, "percent_covered": 100.0, "percent_covered_display": "100", "missing_lines": 0, "excluded_lines": 0}, "missing_lines": [], "excluded_lines": []}, "": {"executed_lines": [1, 4, 5, 6, 7, 8, 10, 13, 22, 30, 40, 48, 62, 75, 93], "summary": {"covered_lines": 14, "num_statements": 14, "percent_covered": 100.0, "percent_covered_display": "100", "missing_lines": 0, "excluded_lines": 0}, "missing_lines": [], "excluded_lines": []}}, "classes": {"": {"executed_lines": [1, 4, 5, 6, 7, 8, 10, 13, 15, 16, 17, 18, 19, 22, 24, 25, 26, 27, 30, 32, 33, 34, 35, 36, 37, 40, 42, 43, 44, 45, 48, 50, 51, 59, 62, 64, 69, 70, 71, 72, 75, 77, 78, 86, 87, 88, 89, 90, 93, 95, 96, 100, 101], "summary": {"covered_lines": 52, "num_statements": 52, "percent_covered": 100.0, "percent_covered_display": "100", "missing_lines": 0, "excluded_lines": 0}, "missing_lines": [], "excluded_lines": []}}}, "utils.py": {"executed_lines": [1, 2, 3, 4, 5, 6, 7, 10, 26, 36, 37, 38, 39, 40, 41, 42, 44, 55, 56, 57, 58, 59, 60, 61, 63, 74, 75, 85, 86, 87, 90, 91, 93, 94, 95, 98, 99, 101, 102, 103, 106, 107, 109, 110, 111, 113, 114, 117, 120, 121, 122, 123, 127, 129, 138, 150, 151, 152, 156, 164], "summary": {"covered_lines": 60, "num_statements": 63, "percent_covered": 95.23809523809524, "percent_covered_display": "95", "missing_lines": 3, "excluded_lines": 0}, "missing_lines": [17, 125, 154], "excluded_lines": [], "functions": {"setup_logging": {"executed_lines": [], "summary": {"covered_lines": 0, "num_statements": 1, "percent_covered": 0.0, "percent_covered_display": "0", "missing_lines": 1, "excluded_lines": 0}, "missing_lines": [17], "excluded_lines": []}, "load_config": {"executed_lines": [36, 37, 38, 39, 40, 41, 42], "summary": {"covered_lines": 7, "num_statements": 7, "percent_covered": 100.0, "percent_covered_display": "100", "missing_lines": 0, "excluded_lines": 0}, "missing_lines": [], "excluded_lines": []}, "save_results": {"executed_lines": [55, 56, 57, 58, 59, 60, 61], "summary": {"covered_lines": 7, "num_statements": 7, "percent_covered": 100.0, "percent_covered_display": "100", "missing_lines": 0, "excluded_lines": 0}, "missing_lines": [], "excluded_lines": []}, "calculate_performance_metrics": {"executed_lines": [74, 75, 85, 86, 87, 90, 91, 93, 94, 95, 98, 99, 101, 102, 103, 106, 107, 109, 110, 111, 113, 114, 117, 120, 121, 122, 123, 127, 129], "summary": {"covered_lines": 29, "num_statements": 30, "percent_covered": 96.66666666666667, "percent_covered_display": "97", "missing_lines": 1, "excluded_lines": 0}, "missing_lines": [125], "excluded_lines": []}, "resample_ohlcv": {"executed_lines": [150, 151, 152, 156, 164], "summary": {"covered_lines": 5, "num_statements": 6, "percent_covered": 83.33333333333333, "percent_covered_display": "83", "missing_lines": 1, "excluded_lines": 0}, "missing_lines": [154], "excluded_lines": []}, "": {"executed_lines": [1, 2, 3, 4, 5, 6, 7, 10, 26, 44, 63, 138], "summary": {"covered_lines": 12, "num_statements": 12, "percent_covered": 100.0, "percent_covered_display": "100", "missing_lines": 0, "excluded_lines": 0}, "missing_lines": [], "excluded_lines": []}}, "classes": {"": {"executed_lines": [1, 2, 3, 4, 5, 6, 7, 10, 26, 36, 37, 38, 39, 40, 41, 42, 44, 55, 56, 57, 58, 59, 60, 61, 63, 74, 75, 85, 86, 87, 90, 91, 93, 94, 95, 98, 99, 101, 102, 103, 106, 107, 109, 110, 111, 113, 114, 117, 120, 121, 122, 123, 127, 129, 138, 150, 151, 152, 156, 164], "summary": {"covered_lines": 60, "num_statements": 63, "percent_covered": 95.23809523809524, "percent_covered_display": "95", "missing_lines": 3, "excluded_lines": 0}, "missing_lines": [17, 125, 154], "excluded_lines": []}}}}, "totals": {"covered_lines": 410, "num_statements": 1247, "percent_covered": 32.878909382518046, "percent_covered_display": "33", "missing_lines": 837, "excluded_lines": 0}}